Performing C SOURCE FILE Test CMAKE_HAVE_LIBC_PTHREAD failed with the following output:
Change Dir: /home/tymiao2/catkin_imu_wheeltec/build/CMakeFiles/CMakeTmp

Run Build Command(s):/usr/bin/make -f Makefile cmTC_00acb/fast && /usr/bin/make  -f CMakeFiles/cmTC_00acb.dir/build.make CMakeFiles/cmTC_00acb.dir/build
make[1]: Entering directory '/home/tymiao2/catkin_imu_wheeltec/build/CMakeFiles/CMakeTmp'
Building C object CMakeFiles/cmTC_00acb.dir/src.c.o
/usr/bin/cc -DCMAKE_HAVE_LIBC_PTHREAD   -o CMakeFiles/cmTC_00acb.dir/src.c.o -c /home/tymiao2/catkin_imu_wheeltec/build/CMakeFiles/CMakeTmp/src.c
Linking C executable cmTC_00acb
/opt/cmake-3.22.3/bin/cmake -E cmake_link_script CMakeFiles/cmTC_00acb.dir/link.txt --verbose=1
/usr/bin/cc -rdynamic CMakeFiles/cmTC_00acb.dir/src.c.o -o cmTC_00acb 
CMakeFiles/cmTC_00acb.dir/src.c.o: In function `main':
src.c:(.text+0x48): undefined reference to `pthread_create'
src.c:(.text+0x50): undefined reference to `pthread_detach'
src.c:(.text+0x58): undefined reference to `pthread_cancel'
src.c:(.text+0x64): undefined reference to `pthread_join'
src.c:(.text+0x74): undefined reference to `pthread_atfork'
collect2: error: ld returned 1 exit status
CMakeFiles/cmTC_00acb.dir/build.make:98: recipe for target 'cmTC_00acb' failed
make[1]: *** [cmTC_00acb] Error 1
make[1]: Leaving directory '/home/tymiao2/catkin_imu_wheeltec/build/CMakeFiles/CMakeTmp'
Makefile:127: recipe for target 'cmTC_00acb/fast' failed
make: *** [cmTC_00acb/fast] Error 2


Source file was:
#include <pthread.h>

static void* test_func(void* data)
{
  return data;
}

int main(void)
{
  pthread_t thread;
  pthread_create(&thread, NULL, test_func, NULL);
  pthread_detach(thread);
  pthread_cancel(thread);
  pthread_join(thread, NULL);
  pthread_atfork(NULL, NULL, NULL);
  pthread_exit(NULL);

  return 0;
}

Determining if the function pthread_create exists in the pthreads failed with the following output:
Change Dir: /home/tymiao2/catkin_imu_wheeltec/build/CMakeFiles/CMakeTmp

Run Build Command(s):/usr/bin/make -f Makefile cmTC_cc83f/fast && /usr/bin/make  -f CMakeFiles/cmTC_cc83f.dir/build.make CMakeFiles/cmTC_cc83f.dir/build
make[1]: Entering directory '/home/tymiao2/catkin_imu_wheeltec/build/CMakeFiles/CMakeTmp'
Building C object CMakeFiles/cmTC_cc83f.dir/CheckFunctionExists.c.o
/usr/bin/cc   -DCHECK_FUNCTION_EXISTS=pthread_create -o CMakeFiles/cmTC_cc83f.dir/CheckFunctionExists.c.o -c /opt/cmake-3.22.3/share/cmake-3.22/Modules/CheckFunctionExists.c
Linking C executable cmTC_cc83f
/opt/cmake-3.22.3/bin/cmake -E cmake_link_script CMakeFiles/cmTC_cc83f.dir/link.txt --verbose=1
/usr/bin/cc  -DCHECK_FUNCTION_EXISTS=pthread_create -rdynamic CMakeFiles/cmTC_cc83f.dir/CheckFunctionExists.c.o -o cmTC_cc83f  -lpthreads 
/usr/bin/ld: cannot find -lpthreads
collect2: error: ld returned 1 exit status
CMakeFiles/cmTC_cc83f.dir/build.make:98: recipe for target 'cmTC_cc83f' failed
make[1]: *** [cmTC_cc83f] Error 1
make[1]: Leaving directory '/home/tymiao2/catkin_imu_wheeltec/build/CMakeFiles/CMakeTmp'
Makefile:127: recipe for target 'cmTC_cc83f/fast' failed
make: *** [cmTC_cc83f/fast] Error 2



